# JRE version: OpenJDK Runtime Environment (21.0.6) (build 21.0.6+-13391695-b895.109)
# Java VM: OpenJDK 64-Bit Server VM (21.0.6+-13391695-b895.109, mixed mode, tiered, compressed oops, compressed class ptrs, g1 gc, windows-amd64)
GC Precious Log:
 CardTable entry size: 512
 Card Set container configuration: InlinePtr #cards 5 size 8 Array Of Cards #cards 12 size 40 Howl #buckets 4 coarsen threshold 1843 Howl Bitmap #cards 512 size 80 coarsen threshold 460 Card regions per heap region 1 cards per card region 2048
 CPUs: 4 total, 4 available
 Memory: 8085M
 Large Page Support: Disabled
 NUMA Support: Disabled
 Compressed Oops: Enabled (32-bit)
 Heap Region Size: 1M
 Heap Min Capacity: 8M
 Heap Initial Capacity: 128M
 Heap Max Capacity: 2G
 Pre-touch: Disabled
 Parallel Workers: 4
 Concurrent Workers: 1
 Concurrent Refinement Workers: 4
 Periodic GC: Disabled
Heap:
 garbage-first heap   total 200704K, used 123753K [0x0000000080000000, 0x0000000100000000)
  region size 1024K, 13 young (13312K), 5 survivors (5120K)
 Metaspace       used 113874K, committed 116096K, reserved 1179648K
  class space    used 15280K, committed 16448K, reserved 1048576K
GC Heap History (20 events):
Event: 26.221 GC heap before
{Heap before GC invocations=35 (full 0):
 garbage-first heap   total 152576K, used 112340K [0x0000000080000000, 0x0000000100000000)
  region size 1024K, 34 young (34816K), 3 survivors (3072K)
 Metaspace       used 85250K, committed 87104K, reserved 1179648K
  class space    used 11301K, committed 12224K, reserved 1048576K
}
Event: 26.228 GC heap after
{Heap after GC invocations=36 (full 0):
 garbage-first heap   total 152576K, used 82753K [0x0000000080000000, 0x0000000100000000)
  region size 1024K, 4 young (4096K), 4 survivors (4096K)
 Metaspace       used 85250K, committed 87104K, reserved 1179648K
  class space    used 11301K, committed 12224K, reserved 1048576K
}
Event: 27.734 GC heap before
{Heap before GC invocations=37 (full 0):
 garbage-first heap   total 152576K, used 137025K [0x0000000080000000, 0x0000000100000000)
  region size 1024K, 53 young (54272K), 4 survivors (4096K)
 Metaspace       used 89008K, committed 90880K, reserved 1179648K
  class space    used 11785K, committed 12736K, reserved 1048576K
}
Event: 27.748 GC heap after
{Heap after GC invocations=38 (full 0):
 garbage-first heap   total 152576K, used 90923K [0x0000000080000000, 0x0000000100000000)
  region size 1024K, 7 young (7168K), 7 survivors (7168K)
 Metaspace       used 89008K, committed 90880K, reserved 1179648K
  class space    used 11785K, committed 12736K, reserved 1048576K
}
Event: 28.495 GC heap before
{Heap before GC invocations=38 (full 0):
 garbage-first heap   total 152576K, used 137003K [0x0000000080000000, 0x0000000100000000)
  region size 1024K, 52 young (53248K), 7 survivors (7168K)
 Metaspace       used 90882K, committed 92800K, reserved 1179648K
  class space    used 12013K, committed 12992K, reserved 1048576K
}
Event: 28.513 GC heap after
{Heap after GC invocations=39 (full 0):
 garbage-first heap   total 152576K, used 94586K [0x0000000080000000, 0x0000000100000000)
  region size 1024K, 5 young (5120K), 5 survivors (5120K)
 Metaspace       used 90882K, committed 92800K, reserved 1179648K
  class space    used 12013K, committed 12992K, reserved 1048576K
}
Event: 28.924 GC heap before
{Heap before GC invocations=39 (full 0):
 garbage-first heap   total 152576K, used 110970K [0x0000000080000000, 0x0000000100000000)
  region size 1024K, 22 young (22528K), 5 survivors (5120K)
 Metaspace       used 92252K, committed 94144K, reserved 1179648K
  class space    used 12215K, committed 13184K, reserved 1048576K
}
Event: 28.933 GC heap after
{Heap after GC invocations=40 (full 0):
 garbage-first heap   total 152576K, used 95826K [0x0000000080000000, 0x0000000100000000)
  region size 1024K, 2 young (2048K), 2 survivors (2048K)
 Metaspace       used 92252K, committed 94144K, reserved 1179648K
  class space    used 12215K, committed 13184K, reserved 1048576K
}
Event: 30.444 GC heap before
{Heap before GC invocations=41 (full 0):
 garbage-first heap   total 163840K, used 139858K [0x0000000080000000, 0x0000000100000000)
  region size 1024K, 44 young (45056K), 2 survivors (2048K)
 Metaspace       used 95996K, committed 97920K, reserved 1179648K
  class space    used 12870K, committed 13824K, reserved 1048576K
}
Event: 30.450 GC heap after
{Heap after GC invocations=42 (full 0):
 garbage-first heap   total 163840K, used 96798K [0x0000000080000000, 0x0000000100000000)
  region size 1024K, 3 young (3072K), 3 survivors (3072K)
 Metaspace       used 95996K, committed 97920K, reserved 1179648K
  class space    used 12870K, committed 13824K, reserved 1048576K
}
Event: 31.828 GC heap before
{Heap before GC invocations=42 (full 0):
 garbage-first heap   total 163840K, used 149022K [0x0000000080000000, 0x0000000100000000)
  region size 1024K, 54 young (55296K), 3 survivors (3072K)
 Metaspace       used 99759K, committed 101824K, reserved 1179648K
  class space    used 13418K, committed 14464K, reserved 1048576K
}
Event: 31.846 GC heap after
{Heap after GC invocations=43 (full 0):
 garbage-first heap   total 163840K, used 97981K [0x0000000080000000, 0x0000000100000000)
  region size 1024K, 6 young (6144K), 6 survivors (6144K)
 Metaspace       used 99759K, committed 101824K, reserved 1179648K
  class space    used 13418K, committed 14464K, reserved 1048576K
}
Event: 33.496 GC heap before
{Heap before GC invocations=43 (full 0):
 garbage-first heap   total 163840K, used 148157K [0x0000000080000000, 0x0000000100000000)
  region size 1024K, 55 young (56320K), 6 survivors (6144K)
 Metaspace       used 103974K, committed 106048K, reserved 1179648K
  class space    used 14026K, committed 15104K, reserved 1048576K
}
Event: 33.519 GC heap after
{Heap after GC invocations=44 (full 0):
 garbage-first heap   total 196608K, used 101433K [0x0000000080000000, 0x0000000100000000)
  region size 1024K, 7 young (7168K), 7 survivors (7168K)
 Metaspace       used 103974K, committed 106048K, reserved 1179648K
  class space    used 14026K, committed 15104K, reserved 1048576K
}
Event: 35.759 GC heap before
{Heap before GC invocations=45 (full 0):
 garbage-first heap   total 196608K, used 174137K [0x0000000080000000, 0x0000000100000000)
  region size 1024K, 79 young (80896K), 7 survivors (7168K)
 Metaspace       used 109559K, committed 111680K, reserved 1179648K
  class space    used 14746K, committed 15808K, reserved 1048576K
}
Event: 35.784 GC heap after
{Heap after GC invocations=46 (full 0):
 garbage-first heap   total 196608K, used 108393K [0x0000000080000000, 0x0000000100000000)
  region size 1024K, 10 young (10240K), 10 survivors (10240K)
 Metaspace       used 109559K, committed 111680K, reserved 1179648K
  class space    used 14746K, committed 15808K, reserved 1048576K
}
Event: 37.956 GC heap before
{Heap before GC invocations=46 (full 0):
 garbage-first heap   total 196608K, used 179049K [0x0000000080000000, 0x0000000100000000)
  region size 1024K, 75 young (76800K), 10 survivors (10240K)
 Metaspace       used 113357K, committed 115584K, reserved 1179648K
  class space    used 15171K, committed 16320K, reserved 1048576K
}
Event: 37.987 GC heap after
{Heap after GC invocations=47 (full 0):
 garbage-first heap   total 200704K, used 116347K [0x0000000080000000, 0x0000000100000000)
  region size 1024K, 8 young (8192K), 8 survivors (8192K)
 Metaspace       used 113357K, committed 115584K, reserved 1179648K
  class space    used 15171K, committed 16320K, reserved 1048576K
}
Event: 39.165 GC heap before
{Heap before GC invocations=47 (full 0):
 garbage-first heap   total 200704K, used 179835K [0x0000000080000000, 0x0000000100000000)
  region size 1024K, 71 young (72704K), 8 survivors (8192K)
 Metaspace       used 113611K, committed 115840K, reserved 1179648K
  class space    used 15220K, committed 16384K, reserved 1048576K
}
Event: 39.184 GC heap after
{Heap after GC invocations=48 (full 0):
 garbage-first heap   total 200704K, used 118633K [0x0000000080000000, 0x0000000100000000)
  region size 1024K, 5 young (5120K), 5 survivors (5120K)
 Metaspace       used 113611K, committed 115840K, reserved 1179648K
  class space    used 15220K, committed 16384K, reserved 1048576K
}

