# JRE version: OpenJDK Runtime Environment (21.0.6) (build 21.0.6+-13391695-b895.109)
# Java VM: OpenJDK 64-Bit Server VM (21.0.6+-13391695-b895.109, mixed mode, tiered, compressed oops, compressed class ptrs, g1 gc, windows-amd64)
GC Precious Log:
 CardTable entry size: 512
 Card Set container configuration: InlinePtr #cards 5 size 8 Array Of Cards #cards 12 size 40 Howl #buckets 4 coarsen threshold 1843 Howl Bitmap #cards 512 size 80 coarsen threshold 460 Card regions per heap region 1 cards per card region 2048
 CPUs: 4 total, 4 available
 Memory: 8085M
 Large Page Support: Disabled
 NUMA Support: Disabled
 Compressed Oops: Enabled (32-bit)
 Heap Region Size: 1M
 Heap Min Capacity: 8M
 Heap Initial Capacity: 128M
 Heap Max Capacity: 2G
 Pre-touch: Disabled
 Parallel Workers: 4
 Concurrent Workers: 1
 Concurrent Refinement Workers: 4
 Periodic GC: Disabled
Heap:
 garbage-first heap   total 176128K, used 122688K [0x0000000080000000, 0x0000000100000000)
  region size 1024K, 12 young (12288K), 5 survivors (5120K)
 Metaspace       used 113739K, committed 115840K, reserved 1179648K
  class space    used 15229K, committed 16320K, reserved 1048576K
GC Heap History (20 events):
Event: 186.674 GC heap before
{Heap before GC invocations=44 (full 0):
 garbage-first heap   total 135168K, used 120302K [0x0000000080000000, 0x0000000100000000)
  region size 1024K, 36 young (36864K), 5 survivors (5120K)
 Metaspace       used 89127K, committed 91008K, reserved 1179648K
  class space    used 11795K, committed 12736K, reserved 1048576K
}
Event: 186.687 GC heap after
{Heap after GC invocations=45 (full 0):
 garbage-first heap   total 135168K, used 92970K [0x0000000080000000, 0x0000000100000000)
  region size 1024K, 5 young (5120K), 5 survivors (5120K)
 Metaspace       used 89127K, committed 91008K, reserved 1179648K
  class space    used 11795K, committed 12736K, reserved 1048576K
}
Event: 188.167 GC heap before
{Heap before GC invocations=46 (full 0):
 garbage-first heap   total 157696K, used 118570K [0x0000000080000000, 0x0000000100000000)
  region size 1024K, 31 young (31744K), 5 survivors (5120K)
 Metaspace       used 90921K, committed 92864K, reserved 1179648K
  class space    used 12013K, committed 12992K, reserved 1048576K
}
Event: 188.177 GC heap after
{Heap after GC invocations=47 (full 0):
 garbage-first heap   total 157696K, used 94251K [0x0000000080000000, 0x0000000100000000)
  region size 1024K, 3 young (3072K), 3 survivors (3072K)
 Metaspace       used 90921K, committed 92864K, reserved 1179648K
  class space    used 12013K, committed 12992K, reserved 1048576K
}
Event: 190.312 GC heap before
{Heap before GC invocations=47 (full 0):
 garbage-first heap   total 157696K, used 137259K [0x0000000080000000, 0x0000000100000000)
  region size 1024K, 45 young (46080K), 3 survivors (3072K)
 Metaspace       used 94396K, committed 96320K, reserved 1179648K
  class space    used 12570K, committed 13568K, reserved 1048576K
}
Event: 190.321 GC heap after
{Heap after GC invocations=48 (full 0):
 garbage-first heap   total 157696K, used 94306K [0x0000000080000000, 0x0000000100000000)
  region size 1024K, 4 young (4096K), 4 survivors (4096K)
 Metaspace       used 94396K, committed 96320K, reserved 1179648K
  class space    used 12570K, committed 13568K, reserved 1048576K
}
Event: 192.726 GC heap before
{Heap before GC invocations=48 (full 0):
 garbage-first heap   total 157696K, used 139362K [0x0000000080000000, 0x0000000100000000)
  region size 1024K, 48 young (49152K), 4 survivors (4096K)
 Metaspace       used 98156K, committed 100224K, reserved 1179648K
  class space    used 13182K, committed 14208K, reserved 1048576K
}
Event: 192.738 GC heap after
{Heap after GC invocations=49 (full 0):
 garbage-first heap   total 157696K, used 96509K [0x0000000080000000, 0x0000000100000000)
  region size 1024K, 4 young (4096K), 4 survivors (4096K)
 Metaspace       used 98156K, committed 100224K, reserved 1179648K
  class space    used 13182K, committed 14208K, reserved 1048576K
}
Event: 196.052 GC heap before
{Heap before GC invocations=50 (full 0):
 garbage-first heap   total 162816K, used 141565K [0x0000000080000000, 0x0000000100000000)
  region size 1024K, 48 young (49152K), 4 survivors (4096K)
 Metaspace       used 101321K, committed 103360K, reserved 1179648K
  class space    used 13672K, committed 14720K, reserved 1048576K
}
Event: 196.066 GC heap after
{Heap after GC invocations=51 (full 0):
 garbage-first heap   total 162816K, used 100163K [0x0000000080000000, 0x0000000100000000)
  region size 1024K, 6 young (6144K), 6 survivors (6144K)
 Metaspace       used 101321K, committed 103360K, reserved 1179648K
  class space    used 13672K, committed 14720K, reserved 1048576K
}
Event: 199.488 GC heap before
{Heap before GC invocations=51 (full 0):
 garbage-first heap   total 162816K, used 147267K [0x0000000080000000, 0x0000000100000000)
  region size 1024K, 52 young (53248K), 6 survivors (6144K)
 Metaspace       used 105083K, committed 107200K, reserved 1179648K
  class space    used 14252K, committed 15296K, reserved 1048576K
}
Event: 199.504 GC heap after
{Heap after GC invocations=52 (full 0):
 garbage-first heap   total 162816K, used 101376K [0x0000000080000000, 0x0000000100000000)
  region size 1024K, 6 young (6144K), 6 survivors (6144K)
 Metaspace       used 105083K, committed 107200K, reserved 1179648K
  class space    used 14252K, committed 15296K, reserved 1048576K
}
Event: 205.575 GC heap before
{Heap before GC invocations=52 (full 0):
 garbage-first heap   total 162816K, used 146432K [0x0000000080000000, 0x0000000100000000)
  region size 1024K, 51 young (52224K), 6 survivors (6144K)
 Metaspace       used 108915K, committed 110976K, reserved 1179648K
  class space    used 14701K, committed 15744K, reserved 1048576K
}
Event: 205.593 GC heap after
{Heap after GC invocations=53 (full 0):
 garbage-first heap   total 162816K, used 104542K [0x0000000080000000, 0x0000000100000000)
  region size 1024K, 6 young (6144K), 6 survivors (6144K)
 Metaspace       used 108915K, committed 110976K, reserved 1179648K
  class space    used 14701K, committed 15744K, reserved 1048576K
}
Event: 210.041 GC heap before
{Heap before GC invocations=54 (full 0):
 garbage-first heap   total 176128K, used 149598K [0x0000000080000000, 0x0000000100000000)
  region size 1024K, 46 young (47104K), 6 survivors (6144K)
 Metaspace       used 113264K, committed 115456K, reserved 1179648K
  class space    used 15171K, committed 16320K, reserved 1048576K
}
Event: 210.062 GC heap after
{Heap after GC invocations=55 (full 0):
 garbage-first heap   total 176128K, used 110125K [0x0000000080000000, 0x0000000100000000)
  region size 1024K, 6 young (6144K), 6 survivors (6144K)
 Metaspace       used 113264K, committed 115456K, reserved 1179648K
  class space    used 15171K, committed 16320K, reserved 1048576K
}
Event: 213.726 GC heap before
{Heap before GC invocations=55 (full 0):
 garbage-first heap   total 176128K, used 158253K [0x0000000080000000, 0x0000000100000000)
  region size 1024K, 54 young (55296K), 6 survivors (6144K)
 Metaspace       used 113468K, committed 115648K, reserved 1179648K
  class space    used 15179K, committed 16320K, reserved 1048576K
}
Event: 213.750 GC heap after
{Heap after GC invocations=56 (full 0):
 garbage-first heap   total 176128K, used 113711K [0x0000000080000000, 0x0000000100000000)
  region size 1024K, 5 young (5120K), 5 survivors (5120K)
 Metaspace       used 113468K, committed 115648K, reserved 1179648K
  class space    used 15179K, committed 16320K, reserved 1048576K
}
Event: 215.599 GC heap before
{Heap before GC invocations=56 (full 0):
 garbage-first heap   total 176128K, used 158767K [0x0000000080000000, 0x0000000100000000)
  region size 1024K, 50 young (51200K), 5 survivors (5120K)
 Metaspace       used 113738K, committed 115840K, reserved 1179648K
  class space    used 15229K, committed 16320K, reserved 1048576K
}
Event: 215.610 GC heap after
{Heap after GC invocations=57 (full 0):
 garbage-first heap   total 176128K, used 116544K [0x0000000080000000, 0x0000000100000000)
  region size 1024K, 5 young (5120K), 5 survivors (5120K)
 Metaspace       used 113738K, committed 115840K, reserved 1179648K
  class space    used 15229K, committed 16320K, reserved 1048576K
}

