# JRE version: OpenJDK Runtime Environment (21.0.6) (build 21.0.6+-13391695-b895.109)
# Java VM: OpenJDK 64-Bit Server VM (21.0.6+-13391695-b895.109, mixed mode, tiered, compressed oops, compressed class ptrs, g1 gc, windows-amd64)
GC Precious Log:
 CardTable entry size: 512
 Card Set container configuration: InlinePtr #cards 5 size 8 Array Of Cards #cards 12 size 40 Howl #buckets 4 coarsen threshold 1843 Howl Bitmap #cards 512 size 80 coarsen threshold 460 Card regions per heap region 1 cards per card region 2048
 CPUs: 4 total, 4 available
 Memory: 8085M
 Large Page Support: Disabled
 NUMA Support: Disabled
 Compressed Oops: Enabled (32-bit)
 Heap Region Size: 1M
 Heap Min Capacity: 8M
 Heap Initial Capacity: 128M
 Heap Max Capacity: 2G
 Pre-touch: Disabled
 Parallel Workers: 4
 Concurrent Workers: 1
 Concurrent Refinement Workers: 4
 Periodic GC: Disabled
Heap:
 garbage-first heap   total 172032K, used 115355K [0x0000000080000000, 0x0000000100000000)
  region size 1024K, 6 young (6144K), 6 survivors (6144K)
 Metaspace       used 113265K, committed 115392K, reserved 1179648K
  class space    used 15157K, committed 16256K, reserved 1048576K
GC Heap History (20 events):
Event: 25.773 GC heap after
{Heap after GC invocations=30 (full 0):
 garbage-first heap   total 126976K, used 79438K [0x0000000080000000, 0x0000000100000000)
  region size 1024K, 5 young (5120K), 5 survivors (5120K)
 Metaspace       used 79396K, committed 81216K, reserved 1179648K
  class space    used 10552K, committed 11456K, reserved 1048576K
}
Event: 26.818 GC heap before
{Heap before GC invocations=30 (full 0):
 garbage-first heap   total 126976K, used 114254K [0x0000000080000000, 0x0000000100000000)
  region size 1024K, 39 young (39936K), 5 survivors (5120K)
 Metaspace       used 82263K, committed 84096K, reserved 1179648K
  class space    used 10898K, committed 11840K, reserved 1048576K
}
Event: 26.831 GC heap after
{Heap after GC invocations=31 (full 0):
 garbage-first heap   total 152576K, used 81477K [0x0000000080000000, 0x0000000100000000)
  region size 1024K, 3 young (3072K), 3 survivors (3072K)
 Metaspace       used 82263K, committed 84096K, reserved 1179648K
  class space    used 10898K, committed 11840K, reserved 1048576K
}
Event: 28.634 GC heap before
{Heap before GC invocations=31 (full 0):
 garbage-first heap   total 152576K, used 134725K [0x0000000080000000, 0x0000000100000000)
  region size 1024K, 51 young (52224K), 3 survivors (3072K)
 Metaspace       used 87375K, committed 89344K, reserved 1179648K
  class space    used 11559K, committed 12544K, reserved 1048576K
}
Event: 28.643 GC heap after
{Heap after GC invocations=32 (full 0):
 garbage-first heap   total 152576K, used 88930K [0x0000000080000000, 0x0000000100000000)
  region size 1024K, 6 young (6144K), 6 survivors (6144K)
 Metaspace       used 87375K, committed 89344K, reserved 1179648K
  class space    used 11559K, committed 12544K, reserved 1048576K
}
Event: 29.642 GC heap before
{Heap before GC invocations=32 (full 0):
 garbage-first heap   total 152576K, used 135010K [0x0000000080000000, 0x0000000100000000)
  region size 1024K, 51 young (52224K), 6 survivors (6144K)
 Metaspace       used 89001K, committed 90944K, reserved 1179648K
  class space    used 11775K, committed 12736K, reserved 1048576K
}
Event: 29.658 GC heap after
{Heap after GC invocations=33 (full 0):
 garbage-first heap   total 152576K, used 93124K [0x0000000080000000, 0x0000000100000000)
  region size 1024K, 7 young (7168K), 7 survivors (7168K)
 Metaspace       used 89001K, committed 90944K, reserved 1179648K
  class space    used 11775K, committed 12736K, reserved 1048576K
}
Event: 30.798 GC heap before
{Heap before GC invocations=33 (full 0):
 garbage-first heap   total 152576K, used 134084K [0x0000000080000000, 0x0000000100000000)
  region size 1024K, 48 young (49152K), 7 survivors (7168K)
 Metaspace       used 92182K, committed 94144K, reserved 1179648K
  class space    used 12195K, committed 13184K, reserved 1048576K
}
Event: 30.812 GC heap after
{Heap after GC invocations=34 (full 0):
 garbage-first heap   total 152576K, used 95745K [0x0000000080000000, 0x0000000100000000)
  region size 1024K, 3 young (3072K), 3 survivors (3072K)
 Metaspace       used 92182K, committed 94144K, reserved 1179648K
  class space    used 12195K, committed 13184K, reserved 1048576K
}
Event: 32.352 GC heap before
{Heap before GC invocations=35 (full 0):
 garbage-first heap   total 162816K, used 139777K [0x0000000080000000, 0x0000000100000000)
  region size 1024K, 45 young (46080K), 3 survivors (3072K)
 Metaspace       used 95907K, committed 97856K, reserved 1179648K
  class space    used 12850K, committed 13824K, reserved 1048576K
}
Event: 32.361 GC heap after
{Heap after GC invocations=36 (full 0):
 garbage-first heap   total 162816K, used 96497K [0x0000000080000000, 0x0000000100000000)
  region size 1024K, 4 young (4096K), 4 survivors (4096K)
 Metaspace       used 95907K, committed 97856K, reserved 1179648K
  class space    used 12850K, committed 13824K, reserved 1048576K
}
Event: 33.720 GC heap before
{Heap before GC invocations=36 (full 0):
 garbage-first heap   total 162816K, used 147697K [0x0000000080000000, 0x0000000100000000)
  region size 1024K, 54 young (55296K), 4 survivors (4096K)
 Metaspace       used 99630K, committed 101696K, reserved 1179648K
  class space    used 13400K, committed 14464K, reserved 1048576K
}
Event: 33.733 GC heap after
{Heap after GC invocations=37 (full 0):
 garbage-first heap   total 162816K, used 97946K [0x0000000080000000, 0x0000000100000000)
  region size 1024K, 7 young (7168K), 7 survivors (7168K)
 Metaspace       used 99630K, committed 101696K, reserved 1179648K
  class space    used 13400K, committed 14464K, reserved 1048576K
}
Event: 35.052 GC heap before
{Heap before GC invocations=37 (full 0):
 garbage-first heap   total 162816K, used 146074K [0x0000000080000000, 0x0000000100000000)
  region size 1024K, 54 young (55296K), 7 survivors (7168K)
 Metaspace       used 103497K, committed 105536K, reserved 1179648K
  class space    used 13960K, committed 14976K, reserved 1048576K
}
Event: 35.071 GC heap after
{Heap after GC invocations=38 (full 0):
 garbage-first heap   total 162816K, used 100630K [0x0000000080000000, 0x0000000100000000)
  region size 1024K, 6 young (6144K), 6 survivors (6144K)
 Metaspace       used 103497K, committed 105536K, reserved 1179648K
  class space    used 13960K, committed 14976K, reserved 1048576K
}
Event: 36.498 GC heap before
{Heap before GC invocations=39 (full 0):
 garbage-first heap   total 168960K, used 146710K [0x0000000080000000, 0x0000000100000000)
  region size 1024K, 51 young (52224K), 6 survivors (6144K)
 Metaspace       used 107476K, committed 109632K, reserved 1179648K
  class space    used 14533K, committed 15616K, reserved 1048576K
}
Event: 36.516 GC heap after
{Heap after GC invocations=40 (full 0):
 garbage-first heap   total 168960K, used 103809K [0x0000000080000000, 0x0000000100000000)
  region size 1024K, 6 young (6144K), 6 survivors (6144K)
 Metaspace       used 107476K, committed 109632K, reserved 1179648K
  class space    used 14533K, committed 15616K, reserved 1048576K
}
Event: 38.220 GC heap before
{Heap before GC invocations=40 (full 0):
 garbage-first heap   total 168960K, used 157057K [0x0000000080000000, 0x0000000100000000)
  region size 1024K, 54 young (55296K), 6 survivors (6144K)
 Metaspace       used 112089K, committed 114240K, reserved 1179648K
  class space    used 14995K, committed 16128K, reserved 1048576K
}
Event: 38.245 GC heap after
{Heap after GC invocations=41 (full 0):
 garbage-first heap   total 172032K, used 108473K [0x0000000080000000, 0x0000000100000000)
  region size 1024K, 7 young (7168K), 7 survivors (7168K)
 Metaspace       used 112089K, committed 114240K, reserved 1179648K
  class space    used 14995K, committed 16128K, reserved 1048576K
}
Event: 39.671 GC heap before
{Heap before GC invocations=41 (full 0):
 garbage-first heap   total 172032K, used 154553K [0x0000000080000000, 0x0000000100000000)
  region size 1024K, 53 young (54272K), 7 survivors (7168K)
 Metaspace       used 113265K, committed 115392K, reserved 1179648K
  class space    used 15157K, committed 16256K, reserved 1048576K
}

