# JRE version: OpenJDK Runtime Environment (21.0.6) (build 21.0.6+-13391695-b895.109)
# Java VM: OpenJDK 64-Bit Server VM (21.0.6+-13391695-b895.109, mixed mode, tiered, compressed oops, compressed class ptrs, g1 gc, windows-amd64)
GC Precious Log:
 CardTable entry size: 512
 Card Set container configuration: InlinePtr #cards 5 size 8 Array Of Cards #cards 12 size 40 Howl #buckets 4 coarsen threshold 1843 Howl Bitmap #cards 512 size 80 coarsen threshold 460 Card regions per heap region 1 cards per card region 2048
 CPUs: 4 total, 4 available
 Memory: 8085M
 Large Page Support: Disabled
 NUMA Support: Disabled
 Compressed Oops: Enabled (32-bit)
 Heap Region Size: 1M
 Heap Min Capacity: 8M
 Heap Initial Capacity: 128M
 Heap Max Capacity: 2G
 Pre-touch: Disabled
 Parallel Workers: 4
 Concurrent Workers: 1
 Concurrent Refinement Workers: 4
 Periodic GC: Disabled
Heap:
 garbage-first heap   total 90112K, used 38342K [0x0000000080000000, 0x0000000100000000)
  region size 1024K, 7 young (7168K), 3 survivors (3072K)
 Metaspace       used 50657K, committed 52096K, reserved 1114112K
  class space    used 6726K, committed 7424K, reserved 1048576K
GC Heap History (20 events):
Event: 2.772 GC heap before
{Heap before GC invocations=0 (full 0):
 garbage-first heap   total 131072K, used 13312K [0x0000000080000000, 0x0000000100000000)
  region size 1024K, 13 young (13312K), 0 survivors (0K)
 Metaspace       used 7356K, committed 7424K, reserved 1114112K
  class space    used 665K, committed 704K, reserved 1048576K
}
Event: 3.235 GC heap after
{Heap after GC invocations=1 (full 0):
 garbage-first heap   total 131072K, used 1194K [0x0000000080000000, 0x0000000100000000)
  region size 1024K, 2 young (2048K), 2 survivors (2048K)
 Metaspace       used 7356K, committed 7424K, reserved 1114112K
  class space    used 665K, committed 704K, reserved 1048576K
}
Event: 7.531 GC heap before
{Heap before GC invocations=1 (full 0):
 garbage-first heap   total 131072K, used 28842K [0x0000000080000000, 0x0000000100000000)
  region size 1024K, 27 young (27648K), 2 survivors (2048K)
 Metaspace       used 10860K, committed 11072K, reserved 1114112K
  class space    used 1112K, committed 1216K, reserved 1048576K
}
Event: 7.550 GC heap after
{Heap after GC invocations=2 (full 0):
 garbage-first heap   total 131072K, used 10188K [0x0000000080000000, 0x0000000100000000)
  region size 1024K, 4 young (4096K), 4 survivors (4096K)
 Metaspace       used 10860K, committed 11072K, reserved 1114112K
  class space    used 1112K, committed 1216K, reserved 1048576K
}
Event: 11.938 GC heap before
{Heap before GC invocations=2 (full 0):
 garbage-first heap   total 131072K, used 84940K [0x0000000080000000, 0x0000000100000000)
  region size 1024K, 76 young (77824K), 4 survivors (4096K)
 Metaspace       used 12916K, committed 13120K, reserved 1114112K
  class space    used 1396K, committed 1472K, reserved 1048576K
}
Event: 11.995 GC heap after
{Heap after GC invocations=3 (full 0):
 garbage-first heap   total 131072K, used 16332K [0x0000000080000000, 0x0000000100000000)
  region size 1024K, 9 young (9216K), 9 survivors (9216K)
 Metaspace       used 12916K, committed 13120K, reserved 1114112K
  class space    used 1396K, committed 1472K, reserved 1048576K
}
Event: 19.118 GC heap before
{Heap before GC invocations=3 (full 0):
 garbage-first heap   total 131072K, used 43980K [0x0000000080000000, 0x0000000100000000)
  region size 1024K, 37 young (37888K), 9 survivors (9216K)
 Metaspace       used 21161K, committed 21504K, reserved 1114112K
  class space    used 2440K, committed 2624K, reserved 1048576K
}
Event: 19.155 GC heap after
{Heap after GC invocations=4 (full 0):
 garbage-first heap   total 131072K, used 20582K [0x0000000080000000, 0x0000000100000000)
  region size 1024K, 9 young (9216K), 9 survivors (9216K)
 Metaspace       used 21161K, committed 21504K, reserved 1114112K
  class space    used 2440K, committed 2624K, reserved 1048576K
}
Event: 21.883 GC heap before
{Heap before GC invocations=5 (full 0):
 garbage-first heap   total 71680K, used 53350K [0x0000000080000000, 0x0000000100000000)
  region size 1024K, 42 young (43008K), 9 survivors (9216K)
 Metaspace       used 26791K, committed 27328K, reserved 1114112K
  class space    used 3279K, committed 3520K, reserved 1048576K
}
Event: 21.941 GC heap after
{Heap after GC invocations=6 (full 0):
 garbage-first heap   total 71680K, used 22850K [0x0000000080000000, 0x0000000100000000)
  region size 1024K, 3 young (3072K), 3 survivors (3072K)
 Metaspace       used 26791K, committed 27328K, reserved 1114112K
  class space    used 3279K, committed 3520K, reserved 1048576K
}
Event: 34.820 GC heap before
{Heap before GC invocations=6 (full 0):
 garbage-first heap   total 71680K, used 57666K [0x0000000080000000, 0x0000000100000000)
  region size 1024K, 38 young (38912K), 3 survivors (3072K)
 Metaspace       used 31625K, committed 32320K, reserved 1114112K
  class space    used 4092K, committed 4416K, reserved 1048576K
}
Event: 34.837 GC heap after
{Heap after GC invocations=7 (full 0):
 garbage-first heap   total 107520K, used 24576K [0x0000000080000000, 0x0000000100000000)
  region size 1024K, 4 young (4096K), 4 survivors (4096K)
 Metaspace       used 31625K, committed 32320K, reserved 1114112K
  class space    used 4092K, committed 4416K, reserved 1048576K
}
Event: 37.366 GC heap before
{Heap before GC invocations=7 (full 0):
 garbage-first heap   total 107520K, used 49152K [0x0000000080000000, 0x0000000100000000)
  region size 1024K, 29 young (29696K), 4 survivors (4096K)
 Metaspace       used 35147K, committed 35968K, reserved 1114112K
  class space    used 4668K, committed 5056K, reserved 1048576K
}
Event: 37.381 GC heap after
{Heap after GC invocations=8 (full 0):
 garbage-first heap   total 107520K, used 26136K [0x0000000080000000, 0x0000000100000000)
  region size 1024K, 6 young (6144K), 6 survivors (6144K)
 Metaspace       used 35147K, committed 35968K, reserved 1114112K
  class space    used 4668K, committed 5056K, reserved 1048576K
}
Event: 39.165 GC heap before
{Heap before GC invocations=9 (full 0):
 garbage-first heap   total 89088K, used 73240K [0x0000000080000000, 0x0000000100000000)
  region size 1024K, 52 young (53248K), 6 survivors (6144K)
 Metaspace       used 41196K, committed 42432K, reserved 1114112K
  class space    used 5630K, committed 6272K, reserved 1048576K
}
Event: 39.186 GC heap after
{Heap after GC invocations=10 (full 0):
 garbage-first heap   total 89088K, used 28625K [0x0000000080000000, 0x0000000100000000)
  region size 1024K, 5 young (5120K), 5 survivors (5120K)
 Metaspace       used 41196K, committed 42432K, reserved 1114112K
  class space    used 5630K, committed 6272K, reserved 1048576K
}
Event: 40.639 GC heap before
{Heap before GC invocations=10 (full 0):
 garbage-first heap   total 89088K, used 77777K [0x0000000080000000, 0x0000000100000000)
  region size 1024K, 52 young (53248K), 5 survivors (5120K)
 Metaspace       used 48034K, committed 49344K, reserved 1114112K
  class space    used 6310K, committed 6976K, reserved 1048576K
}
Event: 40.654 GC heap after
{Heap after GC invocations=11 (full 0):
 garbage-first heap   total 90112K, used 34264K [0x0000000080000000, 0x0000000100000000)
  region size 1024K, 7 young (7168K), 7 survivors (7168K)
 Metaspace       used 48034K, committed 49344K, reserved 1114112K
  class space    used 6310K, committed 6976K, reserved 1048576K
}
Event: 41.523 GC heap before
{Heap before GC invocations=11 (full 0):
 garbage-first heap   total 90112K, used 77272K [0x0000000080000000, 0x0000000100000000)
  region size 1024K, 49 young (50176K), 7 survivors (7168K)
 Metaspace       used 50265K, committed 51648K, reserved 1114112K
  class space    used 6659K, committed 7360K, reserved 1048576K
}
Event: 41.538 GC heap after
{Heap after GC invocations=12 (full 0):
 garbage-first heap   total 90112K, used 35270K [0x0000000080000000, 0x0000000100000000)
  region size 1024K, 3 young (3072K), 3 survivors (3072K)
 Metaspace       used 50265K, committed 51648K, reserved 1114112K
  class space    used 6659K, committed 7360K, reserved 1048576K
}

